# JRE version: Java(TM) SE Runtime Environment (8.0_172-b11) (build 1.8.0_172-b11)
# Java VM: Java HotSpot(TM) 64-Bit Server VM (25.172-b11 mixed mode linux-amd64 compressed oops)
Heap:
 PSYoungGen      total 325632K, used 152568K [0x00000000e0000000, 0x00000000fa380000, 0x0000000100000000)
  eden space 299520K, 44% used [0x00000000e0000000,0x00000000e827ffd0,0x00000000f2480000)
  from space 26112K, 72% used [0x00000000f8a00000,0x00000000f9c7e308,0x00000000fa380000)
  to   space 65024K, 0% used [0x00000000f2480000,0x00000000f2480000,0x00000000f6400000)
 ParOldGen       total 133632K, used 68956K [0x00000000a0000000, 0x00000000a8280000, 0x00000000e0000000)
  object space 133632K, 51% used [0x00000000a0000000,0x00000000a4357340,0x00000000a8280000)
 Metaspace       used 87586K, capacity 90370K, committed 90648K, reserved 1128448K
  class space    used 10853K, capacity 11470K, committed 11560K, reserved 1048576K
GC Heap History (10 events):
Event: 37.283 GC heap before
{Heap before GC invocations=19 (full 4):
 PSYoungGen      total 226304K, used 226297K [0x00000000e0000000, 0x00000000f1f80000, 0x0000000100000000)
  eden space 193024K, 100% used [0x00000000e0000000,0x00000000ebc80000,0x00000000ebc80000)
  from space 33280K, 99% used [0x00000000ee900000,0x00000000f097e5e8,0x00000000f0980000)
  to   space 45568K, 0% used [0x00000000ebc80000,0x00000000ebc80000,0x00000000ee900000)
 ParOldGen       total 142336K, used 85621K [0x00000000a0000000, 0x00000000a8b00000, 0x00000000e0000000)
  object space 142336K, 60% used [0x00000000a0000000,0x00000000a539d588,0x00000000a8b00000)
 Metaspace       used 77282K, capacity 79676K, committed 79768K, reserved 1118208K
  class space    used 9832K, capacity 10373K, committed 10408K, reserved 1048576K
Event: 37.346 GC heap after
Heap after GC invocations=19 (full 4):
 PSYoungGen      total 238592K, used 25153K [0x00000000e0000000, 0x00000000f5680000, 0x0000000100000000)
  eden space 193024K, 0% used [0x00000000e0000000,0x00000000e0000000,0x00000000ebc80000)
  from space 45568K, 55% used [0x00000000ebc80000,0x00000000ed510600,0x00000000ee900000)
  to   space 45056K, 0% used [0x00000000f2a80000,0x00000000f2a80000,0x00000000f5680000)
 ParOldGen       total 142336K, used 112530K [0x00000000a0000000, 0x00000000a8b00000, 0x00000000e0000000)
  object space 142336K, 79% used [0x00000000a0000000,0x00000000a6de4af8,0x00000000a8b00000)
 Metaspace       used 77282K, capacity 79676K, committed 79768K, reserved 1118208K
  class space    used 9832K, capacity 10373K, committed 10408K, reserved 1048576K
}
Event: 38.579 GC heap before
{Heap before GC invocations=20 (full 4):
 PSYoungGen      total 238592K, used 218177K [0x00000000e0000000, 0x00000000f5680000, 0x0000000100000000)
  eden space 193024K, 100% used [0x00000000e0000000,0x00000000ebc80000,0x00000000ebc80000)
  from space 45568K, 55% used [0x00000000ebc80000,0x00000000ed510600,0x00000000ee900000)
  to   space 45056K, 0% used [0x00000000f2a80000,0x00000000f2a80000,0x00000000f5680000)
 ParOldGen       total 142336K, used 112530K [0x00000000a0000000, 0x00000000a8b00000, 0x00000000e0000000)
  object space 142336K, 79% used [0x00000000a0000000,0x00000000a6de4af8,0x00000000a8b00000)
 Metaspace       used 77757K, capacity 80186K, committed 80408K, reserved 1120256K
  class space    used 9870K, capacity 10414K, committed 10536K, reserved 1048576K
Event: 38.683 GC heap after
Heap after GC invocations=20 (full 4):
 PSYoungGen      total 287744K, used 45032K [0x00000000e0000000, 0x00000000f8200000, 0x0000000100000000)
  eden space 242688K, 0% used [0x00000000e0000000,0x00000000e0000000,0x00000000eed00000)
  from space 45056K, 99% used [0x00000000f2a80000,0x00000000f567a3a8,0x00000000f5680000)
  to   space 62976K, 0% used [0x00000000eed00000,0x00000000eed00000,0x00000000f2a80000)
 ParOldGen       total 142336K, used 141218K [0x00000000a0000000, 0x00000000a8b00000, 0x00000000e0000000)
  object space 142336K, 99% used [0x00000000a0000000,0x00000000a89e8b48,0x00000000a8b00000)
 Metaspace       used 77757K, capacity 80186K, committed 80408K, reserved 1120256K
  class space    used 9870K, capacity 10414K, committed 10536K, reserved 1048576K
}
Event: 38.683 GC heap before
{Heap before GC invocations=21 (full 5):
 PSYoungGen      total 287744K, used 45032K [0x00000000e0000000, 0x00000000f8200000, 0x0000000100000000)
  eden space 242688K, 0% used [0x00000000e0000000,0x00000000e0000000,0x00000000eed00000)
  from space 45056K, 99% used [0x00000000f2a80000,0x00000000f567a3a8,0x00000000f5680000)
  to   space 62976K, 0% used [0x00000000eed00000,0x00000000eed00000,0x00000000f2a80000)
 ParOldGen       total 142336K, used 141218K [0x00000000a0000000, 0x00000000a8b00000, 0x00000000e0000000)
  object space 142336K, 99% used [0x00000000a0000000,0x00000000a89e8b48,0x00000000a8b00000)
 Metaspace       used 77757K, capacity 80186K, committed 80408K, reserved 1120256K
  class space    used 9870K, capacity 10414K, committed 10536K, reserved 1048576K
Event: 38.837 GC heap after
Heap after GC invocations=21 (full 5):
 PSYoungGen      total 287744K, used 0K [0x00000000e0000000, 0x00000000f8200000, 0x0000000100000000)
  eden space 242688K, 0% used [0x00000000e0000000,0x00000000e0000000,0x00000000eed00000)
  from space 45056K, 0% used [0x00000000f2a80000,0x00000000f2a80000,0x00000000f5680000)
  to   space 62976K, 0% used [0x00000000eed00000,0x00000000eed00000,0x00000000f2a80000)
 ParOldGen       total 133632K, used 29551K [0x00000000a0000000, 0x00000000a8280000, 0x00000000e0000000)
  object space 133632K, 22% used [0x00000000a0000000,0x00000000a1cdbe10,0x00000000a8280000)
 Metaspace       used 77757K, capacity 80186K, committed 80408K, reserved 1120256K
  class space    used 9870K, capacity 10414K, committed 10536K, reserved 1048576K
}
Event: 45.395 GC heap before
{Heap before GC invocations=22 (full 5):
 PSYoungGen      total 287744K, used 242688K [0x00000000e0000000, 0x00000000f8200000, 0x0000000100000000)
  eden space 242688K, 100% used [0x00000000e0000000,0x00000000eed00000,0x00000000eed00000)
  from space 45056K, 0% used [0x00000000f2a80000,0x00000000f2a80000,0x00000000f5680000)
  to   space 62976K, 0% used [0x00000000eed00000,0x00000000eed00000,0x00000000f2a80000)
 ParOldGen       total 133632K, used 29551K [0x00000000a0000000, 0x00000000a8280000, 0x00000000e0000000)
  object space 133632K, 22% used [0x00000000a0000000,0x00000000a1cdbe10,0x00000000a8280000)
 Metaspace       used 81115K, capacity 83604K, committed 83864K, reserved 1122304K
  class space    used 10324K, capacity 10867K, committed 10920K, reserved 1048576K
Event: 45.470 GC heap after
Heap after GC invocations=22 (full 5):
 PSYoungGen      total 305664K, used 47579K [0x00000000e0000000, 0x00000000fcc00000, 0x0000000100000000)
  eden space 242688K, 0% used [0x00000000e0000000,0x00000000e0000000,0x00000000eed00000)
  from space 62976K, 75% used [0x00000000eed00000,0x00000000f1b76c18,0x00000000f2a80000)
  to   space 67584K, 0% used [0x00000000f8a00000,0x00000000f8a00000,0x00000000fcc00000)
 ParOldGen       total 133632K, used 29559K [0x00000000a0000000, 0x00000000a8280000, 0x00000000e0000000)
  object space 133632K, 22% used [0x00000000a0000000,0x00000000a1cdde10,0x00000000a8280000)
 Metaspace       used 81115K, capacity 83604K, committed 83864K, reserved 1122304K
  class space    used 10324K, capacity 10867K, committed 10920K, reserved 1048576K
}
Event: 63.560 GC heap before
{Heap before GC invocations=23 (full 5):
 PSYoungGen      total 305664K, used 290267K [0x00000000e0000000, 0x00000000fcc00000, 0x0000000100000000)
  eden space 242688K, 100% used [0x00000000e0000000,0x00000000eed00000,0x00000000eed00000)
  from space 62976K, 75% used [0x00000000eed00000,0x00000000f1b76c18,0x00000000f2a80000)
  to   space 67584K, 0% used [0x00000000f8a00000,0x00000000f8a00000,0x00000000fcc00000)
 ParOldGen       total 133632K, used 29559K [0x00000000a0000000, 0x00000000a8280000, 0x00000000e0000000)
  object space 133632K, 22% used [0x00000000a0000000,0x00000000a1cdde10,0x00000000a8280000)
 Metaspace       used 86743K, capacity 89456K, committed 89752K, reserved 1128448K
  class space    used 10797K, capacity 11363K, committed 11432K, reserved 1048576K
Event: 63.649 GC heap after
Heap after GC invocations=23 (full 5):
 PSYoungGen      total 325632K, used 18936K [0x00000000e0000000, 0x00000000fa380000, 0x0000000100000000)
  eden space 299520K, 0% used [0x00000000e0000000,0x00000000e0000000,0x00000000f2480000)
  from space 26112K, 72% used [0x00000000f8a00000,0x00000000f9c7e308,0x00000000fa380000)
  to   space 65024K, 0% used [0x00000000f2480000,0x00000000f2480000,0x00000000f6400000)
 ParOldGen       total 133632K, used 68956K [0x00000000a0000000, 0x00000000a8280000, 0x00000000e0000000)
  object space 133632K, 51% used [0x00000000a0000000,0x00000000a4357340,0x00000000a8280000)
 Metaspace       used 86743K, capacity 89456K, committed 89752K, reserved 1128448K
  class space    used 10797K, capacity 11363K, committed 11432K, reserved 1048576K
}

